\BOOKMARK [0][-]{chapter.1}{Introducci\363n}{}% 1
\BOOKMARK [1][-]{section.1.1}{Intenci\363n del documento}{chapter.1}% 2
\BOOKMARK [1][-]{section.1.2}{Estructura del documento}{chapter.1}% 3
\BOOKMARK [0][-]{chapter.2}{Nomenclatura}{}% 4
\BOOKMARK [1][-]{section.2.1}{Modelado del negocio}{chapter.2}% 5
\BOOKMARK [2][-]{subsection.2.1.1}{Modelado de estructura de datos}{section.2.1}% 6
\BOOKMARK [2][-]{subsection.2.1.2}{Modelado de reglas de negocio}{section.2.1}% 7
\BOOKMARK [1][-]{section.2.2}{Modelado de casos de uso}{chapter.2}% 8
\BOOKMARK [2][-]{subsection.2.2.1}{Identificadores de casos de uso}{section.2.2}% 9
\BOOKMARK [2][-]{subsection.2.2.2}{Atributos de casos de uso}{section.2.2}% 10
\BOOKMARK [1][-]{section.2.3}{Modelado de interfaces}{chapter.2}% 11
\BOOKMARK [1][-]{section.2.4}{Modelado de mensajes}{chapter.2}% 12
\BOOKMARK [2][-]{subsection.2.4.1}{Atributos de mensajes}{section.2.4}% 13
\BOOKMARK [2][-]{subsection.2.4.2}{Identificadores de mensajes}{section.2.4}% 14
\BOOKMARK [-1][-]{part.1}{I Modelado del negocio}{}% 15
\BOOKMARK [0][-]{chapter.3}{Glosario}{part.1}% 16
\BOOKMARK [1][-]{section.3.1}{T\351rminos t\351cnicos}{chapter.3}% 17
\BOOKMARK [1][-]{section.3.2}{T\351rminos del negocio}{chapter.3}% 18
\BOOKMARK [0][-]{chapter.4}{Modelo de Tipos de Datos}{part.1}% 19
\BOOKMARK [1][-]{section.4.1}{Tipo de dato Entero}{chapter.4}% 20
\BOOKMARK [2][-]{subsection.4.1.1}{Descripci\363n}{section.4.1}% 21
\BOOKMARK [1][-]{section.4.2}{Tipo de dato Flotante}{chapter.4}% 22
\BOOKMARK [2][-]{subsection.4.2.1}{Descripci\363n}{section.4.2}% 23
\BOOKMARK [1][-]{section.4.3}{Tipo de dato Booleano}{chapter.4}% 24
\BOOKMARK [2][-]{subsection.4.3.1}{Descripci\363n}{section.4.3}% 25
\BOOKMARK [1][-]{section.4.4}{Tipo de dato Palabra}{chapter.4}% 26
\BOOKMARK [2][-]{subsection.4.4.1}{Descripci\363n}{section.4.4}% 27
\BOOKMARK [1][-]{section.4.5}{Tipo de dato Frase}{chapter.4}% 28
\BOOKMARK [2][-]{subsection.4.5.1}{Descripci\363n}{section.4.5}% 29
\BOOKMARK [1][-]{section.4.6}{Tipo de dato Texto}{chapter.4}% 30
\BOOKMARK [2][-]{subsection.4.6.1}{Descripci\363n}{section.4.6}% 31
\BOOKMARK [1][-]{section.4.7}{Tipo de dato Fecha}{chapter.4}% 32
\BOOKMARK [2][-]{subsection.4.7.1}{Descripci\363n}{section.4.7}% 33
\BOOKMARK [1][-]{section.4.8}{Tipo de dato Hora}{chapter.4}% 34
\BOOKMARK [2][-]{subsection.4.8.1}{Descripci\363n}{section.4.8}% 35
\BOOKMARK [1][-]{section.4.9}{Tipo de dato Archivo}{chapter.4}% 36
\BOOKMARK [2][-]{subsection.4.9.1}{Descripci\363n}{section.4.9}% 37
\BOOKMARK [1][-]{section.4.10}{Tipo de dato Turno}{chapter.4}% 38
\BOOKMARK [2][-]{subsection.4.10.1}{Descripci\363n}{section.4.10}% 39
\BOOKMARK [2][-]{subsection.4.10.2}{Valores Iniciales}{section.4.10}% 40
\BOOKMARK [1][-]{section.4.11}{Tipo de dato Nivel Acad\351mico}{chapter.4}% 41
\BOOKMARK [2][-]{subsection.4.11.1}{Descripci\363n}{section.4.11}% 42
\BOOKMARK [2][-]{subsection.4.11.2}{Valores Iniciales}{section.4.11}% 43
\BOOKMARK [1][-]{section.4.12}{Tipo de dato Tipo de Divisi\363n}{chapter.4}% 44
\BOOKMARK [2][-]{subsection.4.12.1}{Descripci\363n}{section.4.12}% 45
\BOOKMARK [2][-]{subsection.4.12.2}{Valores Iniciales}{section.4.12}% 46
\BOOKMARK [1][-]{section.4.13}{Tipo de dato Estado de Plan de Estudio}{chapter.4}% 47
\BOOKMARK [2][-]{subsection.4.13.1}{Descripci\363n}{section.4.13}% 48
\BOOKMARK [2][-]{subsection.4.13.2}{Valores Iniciales}{section.4.13}% 49
\BOOKMARK [1][-]{section.4.14}{Tipo de dato Tipo de Ense\361anza}{chapter.4}% 50
\BOOKMARK [2][-]{subsection.4.14.1}{Descripci\363n}{section.4.14}% 51
\BOOKMARK [2][-]{subsection.4.14.2}{Valores Iniciales}{section.4.14}% 52
\BOOKMARK [1][-]{section.4.15}{Tipo de dato Tipo de Unidad de Aprendizaje}{chapter.4}% 53
\BOOKMARK [2][-]{subsection.4.15.1}{Descripci\363n}{section.4.15}% 54
\BOOKMARK [2][-]{subsection.4.15.2}{Valores Iniciales}{section.4.15}% 55
\BOOKMARK [1][-]{section.4.16}{Tipo de dato Modalidad}{chapter.4}% 56
\BOOKMARK [2][-]{subsection.4.16.1}{Descripci\363n}{section.4.16}% 57
\BOOKMARK [2][-]{subsection.4.16.2}{Valores Iniciales}{section.4.16}% 58
\BOOKMARK [1][-]{section.4.17}{Tipo de dato Tipo de Nombramiento}{chapter.4}% 59
\BOOKMARK [2][-]{subsection.4.17.1}{Descripci\363n}{section.4.17}% 60
\BOOKMARK [2][-]{subsection.4.17.2}{Valores Iniciales}{section.4.17}% 61
\BOOKMARK [1][-]{section.4.18}{Tipo de dato Estado de Estructura Educativa}{chapter.4}% 62
\BOOKMARK [2][-]{subsection.4.18.1}{Descripci\363n}{section.4.18}% 63
\BOOKMARK [2][-]{subsection.4.18.2}{Valores Iniciales}{section.4.18}% 64
\BOOKMARK [1][-]{section.4.19}{Tipo de dato Actividad Complementaria}{chapter.4}% 65
\BOOKMARK [2][-]{subsection.4.19.1}{Descripci\363n}{section.4.19}% 66
\BOOKMARK [2][-]{subsection.4.19.2}{Valores Iniciales}{section.4.19}% 67
\BOOKMARK [1][-]{section.4.20}{Tipo de dato Tipo de Exposici\363n}{chapter.4}% 68
\BOOKMARK [2][-]{subsection.4.20.1}{Descripci\363n}{section.4.20}% 69
\BOOKMARK [2][-]{subsection.4.20.2}{Valores Iniciales}{section.4.20}% 70
\BOOKMARK [1][-]{section.4.21}{Tipo de dato Tipo de Carga}{chapter.4}% 71
\BOOKMARK [2][-]{subsection.4.21.1}{Descripci\363n}{section.4.21}% 72
\BOOKMARK [2][-]{subsection.4.21.2}{Valores Iniciales}{section.4.21}% 73
\BOOKMARK [1][-]{section.4.22}{Tipo de dato Estado de Carga del Alumno}{chapter.4}% 74
\BOOKMARK [2][-]{subsection.4.22.1}{Descripci\363n}{section.4.22}% 75
\BOOKMARK [2][-]{subsection.4.22.2}{Valores Iniciales}{section.4.22}% 76
\BOOKMARK [1][-]{section.4.23}{Tipo de dato Estado de Documentaci\363n}{chapter.4}% 77
\BOOKMARK [2][-]{subsection.4.23.1}{Descripci\363n}{section.4.23}% 78
\BOOKMARK [2][-]{subsection.4.23.2}{Valores Iniciales}{section.4.23}% 79
\BOOKMARK [1][-]{section.4.24}{Tipo de dato Estado del Alumno}{chapter.4}% 80
\BOOKMARK [2][-]{subsection.4.24.1}{Descripci\363n}{section.4.24}% 81
\BOOKMARK [2][-]{subsection.4.24.2}{Valores Iniciales}{section.4.24}% 82
\BOOKMARK [1][-]{section.4.25}{Tipo de dato Documento}{chapter.4}% 83
\BOOKMARK [2][-]{subsection.4.25.1}{Descripci\363n}{section.4.25}% 84
\BOOKMARK [2][-]{subsection.4.25.2}{Valores Iniciales}{section.4.25}% 85
\BOOKMARK [1][-]{section.4.26}{Tipo de dato Estado de Devoluci\363n de Documento}{chapter.4}% 86
\BOOKMARK [2][-]{subsection.4.26.1}{Descripci\363n}{section.4.26}% 87
\BOOKMARK [2][-]{subsection.4.26.2}{Valores Iniciales}{section.4.26}% 88
\BOOKMARK [0][-]{chapter.5}{Modelo de Informaci\363n de Alumno}{part.1}% 89
\BOOKMARK [1][-]{section.5.1}{Alumno}{chapter.5}% 90
\BOOKMARK [2][-]{subsection.5.1.1}{Entidad: Alumno}{section.5.1}% 91
\BOOKMARK [0][-]{chapter.6}{Modelo de Informaci\363n}{part.1}% 92
\BOOKMARK [1][-]{section.6.1}{Planeaci\363n}{chapter.6}% 93
\BOOKMARK [2][-]{subsection.6.1.1}{Entidad: Ciclo Escolar}{section.6.1}% 94
\BOOKMARK [2][-]{subsection.6.1.2}{Entidad: Calendario Acad\351mico}{section.6.1}% 95
\BOOKMARK [2][-]{subsection.6.1.3}{Entidad: Periodo Escolar}{section.6.1}% 96
\BOOKMARK [2][-]{subsection.6.1.4}{Entidad: Actividad de Calendario}{section.6.1}% 97
\BOOKMARK [2][-]{subsection.6.1.5}{Entidad: Tipo de Actividad}{section.6.1}% 98
\BOOKMARK [2][-]{subsection.6.1.6}{Entidad: Actividad}{section.6.1}% 99
\BOOKMARK [1][-]{section.6.2}{Configuraci\363n de Proceso de Inscripci\363n}{chapter.6}% 100
\BOOKMARK [2][-]{subsection.6.2.1}{Entidad: Programa}{section.6.2}% 101
\BOOKMARK [2][-]{subsection.6.2.2}{Entidad: Corrida}{section.6.2}% 102
\BOOKMARK [1][-]{section.6.3}{Infraestructura}{chapter.6}% 103
\BOOKMARK [2][-]{subsection.6.3.1}{Entidad: Unidad Acad\351mica}{section.6.3}% 104
\BOOKMARK [1][-]{section.6.4}{Horarios}{chapter.6}% 105
\BOOKMARK [2][-]{subsection.6.4.1}{Entidad: Plan de Estudio}{section.6.4}% 106
\BOOKMARK [1][-]{section.6.5}{Inscripciones}{chapter.6}% 107
\BOOKMARK [2][-]{subsection.6.5.1}{Entidad: Periodo en Unidad Acad\351mica}{section.6.5}% 108
\BOOKMARK [2][-]{subsection.6.5.2}{Entidad: Plan de Estudio en Periodo de Unidad Acad\351mica}{section.6.5}% 109
\BOOKMARK [2][-]{subsection.6.5.3}{Entidad: Alumno Asignado}{section.6.5}% 110
\BOOKMARK [2][-]{subsection.6.5.4}{Entidad: Situaci\363n Escolar}{section.6.5}% 111
\BOOKMARK [2][-]{subsection.6.5.5}{Entidad: Documento de Alumno Asignado}{section.6.5}% 112
\BOOKMARK [0][-]{chapter.7}{Modelo de Informaci\363n de EE}{part.1}% 113
\BOOKMARK [1][-]{subsection.7.0.1}{Entidad: Estructura Educativa}{chapter.7}% 114
\BOOKMARK [2][-]{subsection.7.0.2}{Entidad: Segmento de Estructura Educativa}{subsection.7.0.1}% 115
\BOOKMARK [2][-]{subsection.7.0.3}{Entidad: Grupo}{subsection.7.0.1}% 116
\BOOKMARK [2][-]{subsection.7.0.4}{Entidad: Profesor en Segmento}{subsection.7.0.1}% 117
\BOOKMARK [2][-]{subsection.7.0.5}{Entidad: Unidad de Aprendizaje en Oferta}{subsection.7.0.1}% 118
\BOOKMARK [2][-]{subsection.7.0.6}{Entidad: Periodo}{subsection.7.0.1}% 119
\BOOKMARK [2][-]{subsection.7.0.7}{Entidad: Sub Unidad de Aprendizaje}{subsection.7.0.1}% 120
\BOOKMARK [2][-]{subsection.7.0.8}{Entidad: Exposici\363n}{subsection.7.0.1}% 121
\BOOKMARK [2][-]{subsection.7.0.9}{Entidad: Secci\363n}{subsection.7.0.1}% 122
\BOOKMARK [2][-]{subsection.7.0.10}{Entidad: Profesor en Exposici\363n}{subsection.7.0.1}% 123
\BOOKMARK [2][-]{subsection.7.0.11}{Entidad: Planeaci\363n Asignaci\363n}{subsection.7.0.1}% 124
\BOOKMARK [2][-]{subsection.7.0.12}{Entidad: Turno en Segmento}{subsection.7.0.1}% 125
\BOOKMARK [2][-]{subsection.7.0.13}{Entidad: D\355a Laboral}{subsection.7.0.1}% 126
\BOOKMARK [2][-]{subsection.7.0.14}{Entidad: Profesor con Actividad Complementaria}{subsection.7.0.1}% 127
\BOOKMARK [2][-]{subsection.7.0.15}{Entidad: Grupo con Unidad de Aprendizaje en Oferta}{subsection.7.0.1}% 128
\BOOKMARK [2][-]{subsection.7.0.16}{Entidad: Analista de Estructura Educativa}{subsection.7.0.1}% 129
\BOOKMARK [2][-]{subsection.7.0.17}{Entidad: Analista en Unidad Acad\351mica}{subsection.7.0.1}% 130
\BOOKMARK [2][-]{subsection.7.0.18}{Entidad: Academia de Unidad de Aprendizaje}{subsection.7.0.1}% 131
\BOOKMARK [2][-]{subsection.7.0.19}{Entidad: Programa Acad\351mico}{subsection.7.0.1}% 132
\BOOKMARK [2][-]{subsection.7.0.20}{Entidad: Plan de Estudio}{subsection.7.0.1}% 133
\BOOKMARK [2][-]{subsection.7.0.21}{Entidad: Unidad de Aprendizaje}{subsection.7.0.1}% 134
\BOOKMARK [2][-]{subsection.7.0.22}{Entidad: Antecedente}{subsection.7.0.1}% 135
\BOOKMARK [2][-]{subsection.7.0.23}{Entidad: Divisi\363n}{subsection.7.0.1}% 136
\BOOKMARK [2][-]{subsection.7.0.24}{Entidad: Especialidad}{subsection.7.0.1}% 137
\BOOKMARK [2][-]{subsection.7.0.25}{Entidad: Especialidad de Unidad de Aprendizaje}{subsection.7.0.1}% 138
\BOOKMARK [2][-]{subsection.7.0.26}{Entidad: Unidad Acad\351mica con Plan}{subsection.7.0.1}% 139
\BOOKMARK [0][-]{chapter.8}{Reglas de negocio}{part.1}% 140
\BOOKMARK [1][-]{section.8.1}{Reglas de Negocio del Sistema}{chapter.8}% 141
\BOOKMARK [1][-]{section.8.2}{Reglas de Negocio}{chapter.8}% 142
\BOOKMARK [2][-]{subsection.8.2.1}{Reglas de Negocio de Inscripciones}{section.8.2}% 143
\BOOKMARK [-1][-]{part.2}{II Modelado Din\341mico}{}% 144
\BOOKMARK [0][-]{chapter.9}{Arquitectura l\363gica del Calm\351cac}{part.2}% 145
\BOOKMARK [1][-]{section.9.1}{Arquitectura l\363gica para el proceso de Estructura Educativa}{chapter.9}% 146
\BOOKMARK [0][-]{chapter.10}{Modelo de estados}{part.2}% 147
\BOOKMARK [0][-]{chapter.11}{Modelo de actores}{part.2}% 148
\BOOKMARK [1][-]{section.11.1}{Descripci\363n de Actores}{chapter.11}% 149
\BOOKMARK [1][-]{section.11.2}{Participantes detectados}{chapter.11}% 150
\BOOKMARK [2][-]{subsection.11.2.1}{Actor Jefe de Gesti\363n Escolar}{section.11.2}% 151
\BOOKMARK [0][-]{chapter.12}{Casos de Uso del m\363dulo de la Direcci\363n de Administraci\363n Escolar}{part.2}% 152
\BOOKMARK [1][-]{section.12.1}{IN-DAE-PR1 Cargar Aspirantes al CALM\311CAC}{chapter.12}% 153
\BOOKMARK [2][-]{subsection.12.1.1}{Resumen}{section.12.1}% 154
\BOOKMARK [2][-]{subsection.12.1.2}{Descripci\363n}{section.12.1}% 155
\BOOKMARK [2][-]{subsection.12.1.3}{Trayectorias del Caso de Uso}{section.12.1}% 156
\BOOKMARK [0][-]{chapter.13}{Casos de Uso del m\363dulo de la Direcci\363n de Educaci\363n Superior}{part.2}% 157
\BOOKMARK [0][-]{chapter.14}{Casos de Uso del m\363dulo de las Unidades Acad\351micas}{part.2}% 158
\BOOKMARK [1][-]{section.14.1}{IN-UA-CU1 Selecci\363n de ciclo escolar y modalidad}{chapter.14}% 159
\BOOKMARK [2][-]{subsection.14.1.1}{Resumen}{section.14.1}% 160
\BOOKMARK [2][-]{subsection.14.1.2}{Descripci\363n}{section.14.1}% 161
\BOOKMARK [2][-]{subsection.14.1.3}{Trayectorias del Caso de Uso}{section.14.1}% 162
\BOOKMARK [1][-]{section.14.2}{IN-UA-CU3 Visualizar proceso de inscripci\363n}{chapter.14}% 163
\BOOKMARK [2][-]{subsection.14.2.1}{Resumen}{section.14.2}% 164
\BOOKMARK [2][-]{subsection.14.2.2}{Descripci\363n}{section.14.2}% 165
\BOOKMARK [2][-]{subsection.14.2.3}{Trayectorias del Caso de Uso}{section.14.2}% 166
\BOOKMARK [2][-]{subsection.14.2.4}{Puntos de extensi\363n}{section.14.2}% 167
\BOOKMARK [1][-]{section.14.3}{IN-UA-CU3.1 Gestionar asignaci\363n de grupos}{chapter.14}% 168
\BOOKMARK [2][-]{subsection.14.3.1}{Resumen}{section.14.3}% 169
\BOOKMARK [2][-]{subsection.14.3.2}{Descripci\363n}{section.14.3}% 170
\BOOKMARK [2][-]{subsection.14.3.3}{Trayectorias del Caso de Uso}{section.14.3}% 171
\BOOKMARK [2][-]{subsection.14.3.4}{Puntos de extensi\363n}{section.14.3}% 172
\BOOKMARK [1][-]{section.14.4}{IN-UA-CU3.1.1 Inscribir alumnos por grupo}{chapter.14}% 173
\BOOKMARK [2][-]{subsection.14.4.1}{Resumen}{section.14.4}% 174
\BOOKMARK [2][-]{subsection.14.4.2}{Descripci\363n}{section.14.4}% 175
\BOOKMARK [2][-]{subsection.14.4.3}{Trayectorias del Caso de Uso}{section.14.4}% 176
\BOOKMARK [1][-]{section.14.5}{IN-UA-CU3.1.2 Inscribir alumnos por alumno}{chapter.14}% 177
\BOOKMARK [2][-]{subsection.14.5.1}{Resumen}{section.14.5}% 178
\BOOKMARK [2][-]{subsection.14.5.2}{Descripci\363n}{section.14.5}% 179
\BOOKMARK [2][-]{subsection.14.5.3}{Trayectorias del Caso de Uso}{section.14.5}% 180
\BOOKMARK [1][-]{section.14.6}{IN-UA-CU4 Gestionar entrega de documentos}{chapter.14}% 181
\BOOKMARK [2][-]{subsection.14.6.1}{Resumen}{section.14.6}% 182
\BOOKMARK [2][-]{subsection.14.6.2}{Descripci\363n}{section.14.6}% 183
\BOOKMARK [2][-]{subsection.14.6.3}{Trayectorias del Caso de Uso}{section.14.6}% 184
\BOOKMARK [2][-]{subsection.14.6.4}{Puntos de extensi\363n}{section.14.6}% 185
\BOOKMARK [1][-]{section.14.7}{IN-UA-CU4.1 Registrar entrega de documentos}{chapter.14}% 186
\BOOKMARK [2][-]{subsection.14.7.1}{Resumen}{section.14.7}% 187
\BOOKMARK [2][-]{subsection.14.7.2}{Descripci\363n}{section.14.7}% 188
\BOOKMARK [2][-]{subsection.14.7.3}{Trayectorias del Caso de Uso}{section.14.7}% 189
\BOOKMARK [-1][-]{part.3}{III Interacci\363n con el usuario}{}% 190
\BOOKMARK [0][-]{chapter.15}{Men\372s del sistema}{part.3}% 191
\BOOKMARK [1][-]{section.15.1}{Men\372 del Subsistema de Inscripciones}{chapter.15}% 192
\BOOKMARK [0][-]{chapter.16}{Interfaces del m\363dulo de la Direcci\363n de Administraci\363n Escolar}{part.3}% 193
\BOOKMARK [0][-]{chapter.17}{Interfaces del m\363dulo de la Direcci\363n de Educaci\363n Superior}{part.3}% 194
\BOOKMARK [0][-]{chapter.18}{Interfaces del m\363dulo de las Unidades Acad\351micas}{part.3}% 195
\BOOKMARK [1][-]{subsection.18.0.1}{IN-UA-IU1 Selecci\363n de Periodo Escolar y Modalidad}{chapter.18}% 196
\BOOKMARK [2][-]{subsection.18.0.2}{IN-UA-IU3 Resumen del proceso de Inscripci\363n}{subsection.18.0.1}% 197
\BOOKMARK [2][-]{subsection.18.0.3}{IN-UA-IU3.1 Asignar grupo}{subsection.18.0.1}% 198
\BOOKMARK [2][-]{subsection.18.0.4}{IN-UA-IU3.1.1 Inscribir alumnos por grupo}{subsection.18.0.1}% 199
\BOOKMARK [2][-]{subsection.18.0.5}{IN-UA-IU3.1.2 Inscribir alumnos por alumno}{subsection.18.0.1}% 200
\BOOKMARK [2][-]{subsection.18.0.6}{IN-UA-IU4 Gestionar entrega de documentos}{subsection.18.0.1}% 201
\BOOKMARK [2][-]{subsection.18.0.7}{IN-UA-IU4.1 Registrar entrega de documentos}{subsection.18.0.1}% 202
\BOOKMARK [0][-]{appendix.Alph1}{Dise\361o de mensajes}{part.3}% 203
\BOOKMARK [1][-]{subsection.Alph1.0.1}{MSG3 Elementos No Disponibles}{appendix.Alph1}% 204
\BOOKMARK [2][-]{subsection.Alph1.0.2}{MSG16 Condiciones necesarias para realizar operaci\363n}{subsection.Alph1.0.1}% 205
\BOOKMARK [2][-]{subsection.Alph1.0.3}{MSG181 Carencia de estudiantes para inscripci\363n}{subsection.Alph1.0.1}% 206
\BOOKMARK [2][-]{subsection.Alph1.0.4}{MSG182 Programa Acad\351mico no v\341lido}{subsection.Alph1.0.1}% 207
\BOOKMARK [2][-]{subsection.Alph1.0.5}{MSG183 Estructura Educativa no v\341lida}{subsection.Alph1.0.1}% 208
\BOOKMARK [2][-]{subsection.Alph1.0.6}{MSG184 Capacida de Unidad de Aprendizaje excedida}{subsection.Alph1.0.1}% 209
\BOOKMARK [2][-]{subsection.Alph1.0.7}{MSG185 Carga m\355nima no cubierta}{subsection.Alph1.0.1}% 210
\BOOKMARK [2][-]{subsection.Alph1.0.8}{MSG188 N\372mero de preboletas/boletas excedido}{subsection.Alph1.0.1}% 211
